<?xml version="1.0" encoding="UTF-8"?>
<TestRun id="337a803d-3f5e-47d1-a44d-b04de9b44516" name="Heather@TRANCE 2015-02-01 13:24:59" runUser="Trance\Heather" xmlns="http://microsoft.com/schemas/VisualStudio/TeamTest/2010">
  <TestSettings name="Local" id="5b89ffdc-6157-4e59-98ce-7f189f569e90">
    <Description>These are default test settings for a local test run.</Description>
    <Deployment enabled="false" runDeploymentRoot="Heather_TRANCE 2015-02-01 13_24_59">
      <DeploymentItem filename="C:\Users\Heather\Desktop\Assignment1\Task1\bin\Debug\Task1.exe" />
    </Deployment>
    <Execution>
      <TestTypeSpecific />
      <AgentRule name="Execution Agents">
      </AgentRule>
    </Execution>
  </TestSettings>
  <Times creation="2015-02-01T13:24:59.9419690-05:00" queuing="2015-02-01T13:25:00.0019691-05:00" start="2015-02-01T13:25:00.0269699-05:00" finish="2015-02-01T13:25:00.3839859-05:00" />
  <ResultSummary outcome="Completed">
    <Counters total="1" executed="1" passed="1" error="0" failed="0" timeout="0" aborted="0" inconclusive="0" passedButRunAborted="0" notRunnable="0" notExecuted="0" disconnected="0" warning="0" completed="0" inProgress="0" pending="0" />
  </ResultSummary>
  <TestDefinitions>
    <UnitTest name="FibonacciTest2" storage="c:\users\heather\desktop\assignment1\task1\testtask1\bin\debug\testtask1.dll" id="88a19ba7-11c2-ab8e-7f76-9dcefa125459">
      <Execution id="152955c2-76a2-47b3-a0b2-1973efa236a3" />
      <TestMethod codeBase="C:/Users/Heather/Desktop/Assignment1/Task1/TestTask1/bin/Debug/TestTask1.DLL" adapterTypeName="Microsoft.VisualStudio.TestTools.TestTypes.Unit.UnitTestAdapter, Microsoft.VisualStudio.QualityTools.Tips.UnitTest.Adapter, Version=10.0.0.0, Culture=neutral, PublicKeyToken=b03f5f7f11d50a3a" className="TestTask1.FibonacciSeriesTest, TestTask1, Version=1.0.0.0, Culture=neutral, PublicKeyToken=null" name="FibonacciTest2" />
    </UnitTest>
  </TestDefinitions>
  <TestLists>
    <TestList name="Results Not in a List" id="8c84fa94-04c1-424b-9868-57a2d4851a1d" />
    <TestList name="All Loaded Results" id="19431567-8539-422a-85d7-44ee4e166bda" />
  </TestLists>
  <TestEntries>
    <TestEntry testId="88a19ba7-11c2-ab8e-7f76-9dcefa125459" executionId="152955c2-76a2-47b3-a0b2-1973efa236a3" testListId="8c84fa94-04c1-424b-9868-57a2d4851a1d" />
  </TestEntries>
  <Results>
    <UnitTestResult executionId="152955c2-76a2-47b3-a0b2-1973efa236a3" testId="88a19ba7-11c2-ab8e-7f76-9dcefa125459" testName="FibonacciTest2" computerName="TRANCE" duration="00:00:00.0362480" startTime="2015-02-01T13:25:00.0639721-05:00" endTime="2015-02-01T13:25:00.3439858-05:00" testType="13cdc9d9-ddb5-4fa4-a97d-d965ccfc6d4b" outcome="Passed" testListId="8c84fa94-04c1-424b-9868-57a2d4851a1d" relativeResultsDirectory="152955c2-76a2-47b3-a0b2-1973efa236a3">
    </UnitTestResult>
  </Results>
</TestRun>